#
# There is insufficient memory for the Java Runtime Environment to continue.
# Native memory allocation (mmap) failed to map 67108864 bytes for G1 virtual space
# Possible reasons:
#   The system is out of physical RAM or swap space
#   The process is running with CompressedOops enabled, and the Java Heap may be blocking the growth of the native heap
# Possible solutions:
#   Reduce memory load on the system
#   Increase physical memory or swap space
#   Check if swap backing store is full
#   Decrease Java heap size (-Xmx/-Xms)
#   Decrease number of Java threads
#   Decrease Java thread stack sizes (-Xss)
#   Set larger code cache with -XX:ReservedCodeCacheSize=
#   JVM is running with Unscaled Compressed Oops mode in which the Java heap is
#     placed in the first 4GB address space. The Java Heap base address is the
#     maximum limit for the native heap growth. Please use -XX:HeapBaseMinAddress
#     to set the Java Heap base and to place the Java Heap above 4GB virtual address.
# This output file may be truncated or incomplete.
#
#  Out of Memory Error (os_windows.cpp:3532), pid=14160, tid=22232
#
# JRE version:  (17.0.2+8) (build )
# Java VM: Java HotSpot(TM) 64-Bit Server VM (17.0.2+8-LTS-86, mixed mode, sharing, tiered, compressed oops, compressed class ptrs, g1 gc, windows-amd64)
# No core dump will be written. Minidumps are not enabled by default on client versions of Windows
#

---------------  S U M M A R Y ------------

Command Line: -XX:+ShowCodeDetailsInExceptionMessages summer.test.test

Host: Intel(R) Core(TM) i7-8550U CPU @ 1.80GHz, 8 cores, 3G,  Windows 11 , 64 bit Build 22000 (10.0.22000.708)
Time: Sat Jul 16 21:36:37 2022  Windows 11 , 64 bit Build 22000 (10.0.22000.708) elapsed time: 0.016506 seconds (0d 0h 0m 0s)

---------------  T H R E A D  ---------------

Current thread (0x00000230516beb20):  JavaThread "Unknown thread" [_thread_in_vm, id=22232, stack(0x000000cd02400000,0x000000cd02500000)]

Stack: [0x000000cd02400000,0x000000cd02500000]
Native frames: (J=compiled Java code, j=interpreted, Vv=VM code, C=native code)
V  [jvm.dll+0x670baa]
V  [jvm.dll+0x7cfcb4]
V  [jvm.dll+0x7d145e]
V  [jvm.dll+0x7d1ac3]
V  [jvm.dll+0x242bc5]
V  [jvm.dll+0x66dac9]
V  [jvm.dll+0x662412]
V  [jvm.dll+0x300c0b]
V  [jvm.dll+0x3081a6]
V  [jvm.dll+0x357d0e]
V  [jvm.dll+0x357f3f]
V  [jvm.dll+0x2d7ec8]
V  [jvm.dll+0x2d8e34]
V  [jvm.dll+0x7a18c1]
V  [jvm.dll+0x365a91]
V  [jvm.dll+0x780d2c]
V  [jvm.dll+0x3e845f]
V  [jvm.dll+0x3e9f01]
C  [jli.dll+0x527b]
C  [ucrtbase.dll+0x26c0c]
C  [KERNEL32.DLL+0x154e0]
C  [ntdll.dll+0x485b]


---------------  P R O C E S S  ---------------

Threads class SMR info:
_java_thread_list=0x00007ff9ad049858, length=0, elements={
}

Java Threads: ( => current thread )

Other Threads:
  0x00000230516ec800 GCTaskThread "GC Thread#0" [stack: 0x000000cd02500000,0x000000cd02600000] [id=4696]
  0x00000230516f53c0 ConcurrentGCThread "G1 Main Marker" [stack: 0x000000cd02600000,0x000000cd02700000] [id=14288]
  0x00000230516f5dd0 ConcurrentGCThread "G1 Conc#0" [stack: 0x000000cd02700000,0x000000cd02800000] [id=460]

[error occurred during error reporting (printing all threads), id 0xc0000005, EXCEPTION_ACCESS_VIOLATION (0xc0000005) at pc=0x00007ff9ac8988a7]

VM state: not at safepoint (not fully initialized)

VM Mutex/Monitor currently owned by a thread:  ([mutex/lock_event])
[0x00000230516ba530] Heap_lock - owner thread: 0x00000230516beb20

Heap address: 0x00000000c1c00000, size: 996 MB, Compressed Oops mode: 32-bit

CDS archive(s) mapped at: [0x0000000000000000-0x0000000000000000-0x0000000000000000), size 0, SharedBaseAddress: 0x0000000800000000, ArchiveRelocationMode: 0.
Narrow klass base: 0x0000000000000000, Narrow klass shift: 0, Narrow klass range: 0x0

GC Precious Log:
<Empty>

Heap:
 garbage-first heap   total 0K, used 0K [0x00000000c1c00000, 0x0000000100000000)
  region size 1024K, 0 young (0K), 0 survivors (0K)

[error occurred during error reporting (printing heap information), id 0xc0000005, EXCEPTION_ACCESS_VIOLATION (0xc0000005) at pc=0x00007ff9acc79f19]

GC Heap History (0 events):
No events

Deoptimization events (0 events):
No events

Classes unloaded (0 events):
No events

Classes redefined (0 events):
No events

Internal exceptions (0 events):
No events

VM Operations (0 events):
No events

Events (1 events):
Event: 0.008 Loaded shared library C:\Program Files\Java\jdk-17.0.2\bin\java.dll


Dynamic libraries:
0x00007ff7b6610000 - 0x00007ff7b6620000 	C:\Program Files\Java\jdk-17.0.2\bin\java.exe
0x00007ff9fe720000 - 0x00007ff9fe929000 	C:\WINDOWS\SYSTEM32\ntdll.dll
0x00007ff9fdcd0000 - 0x00007ff9fdd8d000 	C:\WINDOWS\System32\KERNEL32.DLL
0x00007ff9fc020000 - 0x00007ff9fc399000 	C:\WINDOWS\System32\KERNELBASE.dll
0x00007ff9fbc00000 - 0x00007ff9fbd11000 	C:\WINDOWS\System32\ucrtbase.dll
0x00007ff9e0850000 - 0x00007ff9e086a000 	C:\Program Files\Java\jdk-17.0.2\bin\VCRUNTIME140.dll
0x00007ff9df500000 - 0x00007ff9df518000 	C:\Program Files\Java\jdk-17.0.2\bin\jli.dll
0x00007ff9fdab0000 - 0x00007ff9fdb5e000 	C:\WINDOWS\System32\ADVAPI32.dll
0x00007ff9fdbd0000 - 0x00007ff9fdc73000 	C:\WINDOWS\System32\msvcrt.dll
0x00007ff9fce60000 - 0x00007ff9fcefe000 	C:\WINDOWS\System32\sechost.dll
0x00007ff9fe550000 - 0x00007ff9fe670000 	C:\WINDOWS\System32\RPCRT4.dll
0x00007ff9fc7d0000 - 0x00007ff9fc97c000 	C:\WINDOWS\System32\USER32.dll
0x00007ff9fade0000 - 0x00007ff9fb085000 	C:\WINDOWS\WinSxS\amd64_microsoft.windows.common-controls_6595b64144ccf1df_6.0.22000.120_none_9d947278b86cc467\COMCTL32.dll
0x00007ff9fbff0000 - 0x00007ff9fc016000 	C:\WINDOWS\System32\win32u.dll
0x00007ff9fdca0000 - 0x00007ff9fdcc9000 	C:\WINDOWS\System32\GDI32.dll
0x00007ff9fbed0000 - 0x00007ff9fbfe2000 	C:\WINDOWS\System32\gdi32full.dll
0x00007ff9fc3a0000 - 0x00007ff9fc43d000 	C:\WINDOWS\System32\msvcp_win.dll
0x00007ff9f2500000 - 0x00007ff9f250a000 	C:\WINDOWS\SYSTEM32\VERSION.dll
0x00007ff9fc640000 - 0x00007ff9fc671000 	C:\WINDOWS\System32\IMM32.DLL
0x00007ff9e5af0000 - 0x00007ff9e5afc000 	C:\Program Files\Java\jdk-17.0.2\bin\vcruntime140_1.dll
0x00007ff9cd140000 - 0x00007ff9cd1cd000 	C:\Program Files\Java\jdk-17.0.2\bin\msvcp140.dll
0x00007ff9ac5b0000 - 0x00007ff9ad171000 	C:\Program Files\Java\jdk-17.0.2\bin\server\jvm.dll
0x00007ff9fd270000 - 0x00007ff9fd278000 	C:\WINDOWS\System32\PSAPI.DLL
0x00007ff9f3f50000 - 0x00007ff9f3f83000 	C:\WINDOWS\SYSTEM32\WINMM.dll
0x00007ff9eae50000 - 0x00007ff9eae59000 	C:\WINDOWS\SYSTEM32\WSOCK32.dll
0x00007ff9fe670000 - 0x00007ff9fe6df000 	C:\WINDOWS\System32\WS2_32.dll
0x00007ff9fa630000 - 0x00007ff9fa648000 	C:\WINDOWS\SYSTEM32\kernel.appcore.dll
0x00007ff9e32c0000 - 0x00007ff9e32ca000 	C:\Program Files\Java\jdk-17.0.2\bin\jimage.dll
0x00007ff9fb550000 - 0x00007ff9fb771000 	C:\WINDOWS\SYSTEM32\DBGHELP.DLL
0x00007ff9fb290000 - 0x00007ff9fb2c1000 	C:\WINDOWS\SYSTEM32\dbgcore.DLL
0x00007ff9fbe50000 - 0x00007ff9fbecf000 	C:\WINDOWS\System32\bcryptPrimitives.dll
0x00007ff9dcd70000 - 0x00007ff9dcd95000 	C:\Program Files\Java\jdk-17.0.2\bin\java.dll

dbghelp: loaded successfully - version: 4.0.5 - missing functions: none
symbol engine: initialized successfully - sym options: 0x614 - pdb path: .;C:\Program Files\Java\jdk-17.0.2\bin;C:\WINDOWS\SYSTEM32;C:\WINDOWS\WinSxS\amd64_microsoft.windows.common-controls_6595b64144ccf1df_6.0.22000.120_none_9d947278b86cc467;C:\Program Files\Java\jdk-17.0.2\bin\server

VM Arguments:
jvm_args: -XX:+ShowCodeDetailsInExceptionMessages 
java_command: summer.test.test
java_class_path (initial): C:\Users\user\Desktop\專題暑假作業\singyi\target\classes;C:\Users\user\.m2\repository\org\jsoup\jsoup\1.15.2\jsoup-1.15.2.jar
Launcher Type: SUN_STANDARD

[Global flags]
     intx CICompilerCount                          = 4                                         {product} {ergonomic}
     uint ConcGCThreads                            = 2                                         {product} {ergonomic}
     uint G1ConcRefinementThreads                  = 8                                         {product} {ergonomic}
   size_t G1HeapRegionSize                         = 1048576                                   {product} {ergonomic}
    uintx GCDrainStackTargetSize                   = 64                                        {product} {ergonomic}
   size_t InitialHeapSize                          = 67108864                                  {product} {ergonomic}
   size_t MarkStackSize                            = 4194304                                   {product} {ergonomic}
   size_t MaxHeapSize                              = 1044381696                                {product} {ergonomic}
   size_t MinHeapDeltaBytes                        = 1048576                                   {product} {ergonomic}
   size_t MinHeapSize                              = 8388608                                   {product} {ergonomic}
    uintx NonNMethodCodeHeapSize                   = 5839372                                {pd product} {ergonomic}
    uintx NonProfiledCodeHeapSize                  = 122909434                              {pd product} {ergonomic}
    uintx ProfiledCodeHeapSize                     = 122909434                              {pd product} {ergonomic}
    uintx ReservedCodeCacheSize                    = 251658240                              {pd product} {ergonomic}
     bool SegmentedCodeCache                       = true                                      {product} {ergonomic}
     bool ShowCodeDetailsInExceptionMessages       = true                                   {manageable} {command line}
   size_t SoftMaxHeapSize                          = 1044381696                             {manageable} {ergonomic}
     bool UseCompressedClassPointers               = true                           {product lp64_product} {ergonomic}
     bool UseCompressedOops                        = true                           {product lp64_product} {ergonomic}
     bool UseG1GC                                  = true                                      {product} {ergonomic}
     bool UseLargePagesIndividualAllocation        = false                                  {pd product} {ergonomic}

Logging:
Log output configuration:
 #0: stdout all=warning uptime,level,tags
 #1: stderr all=off uptime,level,tags

Environment Variables:
JAVA_HOME=C:\Program Files\Java\jdk-17.0.2
PATH=C:\Program Files (x86)\Intel\iCLS Client\;C:\Program Files\Intel\iCLS Client\;C:\Windows\system32;C:\Windows;C:\Windows\System32\Wbem;C:\Windows\System32\WindowsPowerShell\v1.0\;C:\Program Files (x86)\NVIDIA Corporation\PhysX\Common;C:\Program Files (x86)\Intel\Intel(R) Management Engine Components\DAL;C:\Program Files\Intel\Intel(R) Management Engine Components\DAL;C:\Program Files (x86)\Intel\Intel(R) Management Engine Components\IPT;C:\Program Files\Intel\Intel(R) Management Engine Components\IPT;C:\WINDOWS\system32;C:\WINDOWS;C:\WINDOWS\System32\Wbem;C:\WINDOWS\System32\WindowsPowerShell\v1.0\;C:\WINDOWS\System32\OpenSSH\;C:\Program Files\dotnet\;C:\Program Files\Java\jdk-17.0.2\bin;C:\Program Files\Microsoft SQL Server\130\Tools\Binn\;C:\Program Files\Microsoft SQL Server\Client SDK\ODBC\170\Tools\Binn\;C:\Users\user\AppData\Local\Programs\Python\Python310\Scripts\;C:\Users\user\AppData\Local\Programs\Python\Python310\;C:\Users\user\AppData\Local\Microsoft\WindowsApps;C:\Users\user\.dotnet\tools;C:\altera\13.1\modelsim_ase\win32aloem;C:\Users\user\AppData\Local\Programs\Microsoft VS Code\bin;C:\MinGW\bin;C:\Users\user\Downloads\jdk-17_windows-x64_bin;C:\Users\user\Downloads\apache-maven-3.8.5-bin\bin;
USERNAME=user
LANG=zh_TW.UTF-8
OS=Windows_NT
PROCESSOR_IDENTIFIER=Intel64 Family 6 Model 142 Stepping 10, GenuineIntel



---------------  S Y S T E M  ---------------

OS:
 Windows 11 , 64 bit Build 22000 (10.0.22000.708)
OS uptime: 20 days 3:38 hours

CPU: total 8 (initial active 8) (4 cores per cpu, 2 threads per core) family 6 model 142 stepping 10 microcode 0xe0, cx8, cmov, fxsr, ht, mmx, 3dnowpref, sse, sse2, sse3, ssse3, sse4.1, sse4.2, popcnt, lzcnt, tsc, tscinvbit, avx, avx2, aes, erms, clmul, bmi1, bmi2, adx, fma, vzeroupper, clflush, clflushopt

Memory: 4k page, system-wide physical 3982M (287M free)
TotalPageFile size 16270M (AvailPageFile size 37M)
current process WorkingSet (physical memory assigned to process): 11M, peak: 11M
current process commit charge ("private bytes"): 59M, peak: 123M

vm_info: Java HotSpot(TM) 64-Bit Server VM (17.0.2+8-LTS-86) for windows-amd64 JRE (17.0.2+8-LTS-86), built on Dec  7 2021 21:51:03 by "mach5one" with MS VC++ 16.8 / 16.9 (VS2019)

END.
